Scanning for devices...
Connecting to new device: Feather Node #02 (9C16003E-0EE5-0DB0-7940-B20EE27F10FA)
Connected to all 1 devices. Listening for data...
Connected to 9C16003E-0EE5-0DB0-7940-B20EE27F10FA
2,AX,3397000,1.1
2,AY,3397000,4.0
2,MX,3397000,40.9
2,MY,3397000,-81.4
2,MZ,3397000,22.5
2,GX,3397000,0.2
2,GY,3397000,-0.1
2,GZ,3397000,-0.1
2,AX,3397604,1.1
2,AY,3397604,4.0
2,AZ,3397604,9.3
2,MX,3397604,42.3
2,MY,3397604,-82.2
2,MZ,3397604,21.4
2,GX,3397604,0.2
2,GZ,3397604,-0.1
2,AX,3398265,1.0
2,AY,3398265,3.9
2,MY,3398265,-82.2
2,MZ,3398265,20.8
2,GX,3398265,0.1
2,GZ,3398265,-0.1
2,AX,3398865,1.0
2,AY,3398865,3.9
2,AZ,3398865,9.2
2,MX,3398865,45.0
2,MY,3398865,-83.2
2,MZ,3398865,19.8
2,GY,3398865,-0.1
2,GZ,3398865,-0.1
2,AX,3399435,0.9
2,AY,3399435,3.9
2,MX,3399435,42.8
2,MY,3399435,-83.3
2,MZ,3399435,17.6
2,GX,3399435,0.2
2,GY,3399435,-0.1
2,GZ,3399435,-0.0
2,AX,3400065,1.2
2,AY,3400065,4.3
2,AZ,3400065,10.4
2,MX,3400065,43.7
2,MZ,3400065,20.2
2,GY,3400065,-0.1
2,GZ,3400065,-0.0
2,AX,3400725,1.0
2,AY,3400725,3.4
2,MY,3400725,-80.5
2,MZ,3400725,27.9
2,GY,3400725,0.0
2,GZ,3400725,-0.0
2,AY,3401355,4.6
2,MX,3401355,43.2
2,MY,3401355,-80.5
2,MZ,3401355,28.0
2,GX,3401355,0.2
2,GY,3401355,-0.1
2,GZ,3401355,0.0
2,AX,3401985,0.8
2,AZ,3401985,9.0
2,MX,3401985,43.9
2,GX,3401985,0.1
2,GY,3401985,-0.1
2,AX,3402685,1.1
2,AZ,3402685,8.9
2,MX,3402685,43.9
2,MY,3402685,-82.2
2,MZ,3402685,24.7
2,GX,3402685,-0.0
2,GY,3402685,-0.1
2,GZ,3402685,-0.0
2,AX,3403275,0.9
2,AY,3403275,4.5
2,AZ,3403275,9.3
2,MY,3403275,-82.9
2,GX,3403275,0.1
2,GY,3403275,-0.1
2,GZ,3403275,-0.1
2,AY,3403935,5.1
2,AZ,3403935,11.5
2,MX,3403935,42.8
2,MY,3403935,-83.2
2,MZ,3403935,18.1
2,GX,3403935,0.2
2,GY,3403935,-0.1
2,AY,3404605,3.9
2,AZ,3404605,6.8
2,MY,3404605,-80.7
2,MZ,3404605,28.1
2,GX,3404605,0.2
2,GY,3404605,-0.1
2,AX,3405205,1.0
2,AZ,3405205,8.6
2,MX,3405205,42.8
2,MY,3405205,-80.0
2,MZ,3405205,28.3
2,GX,3405205,0.3
2,GZ,3405205,0.0
2,AX,3405704,1.2
2,AY,3405704,4.5
2,AZ,3405704,8.7
2,MY,3405704,-80.9
2,MZ,3405704,25.9
2,GX,3405704,0.1
2,GZ,3405704,0.0
2,AX,3406275,0.9
2,AY,3406275,4.7
2,AZ,3406275,8.7
2,MX,3406275,41.7
2,MY,3406275,-81.3
2,GX,3406275,0.2
2,GY,3406275,-0.1
2,GZ,3406275,-0.0
2,AX,3406875,1.2
2,AZ,3406875,9.3
2,MY,3406875,-82.7
2,GZ,3406875,-0.1
2,AZ,3407505,10.6
2,MY,3407505,-83.1
2,MZ,3407505,18.6
2,GX,3407505,0.1
2,GY,3407505,-0.1
2,GZ,3407505,-0.1
2,AZ,3408135,7.6
2,MX,3408135,43.8
2,MY,3408135,-80.9
2,MZ,3408135,27.4
2,GX,3408135,0.6
2,GZ,3408135,-0.0
2,AY,3408795,5.0
2,AZ,3408795,8.4
2,MX,3408795,43.1
2,MY,3408795,-80.1
2,MZ,3408795,30.3
2,GY,3408795,-0.1
2,GZ,3408795,-0.0
2,AX,3409425,1.0
2,AZ,3409425,8.5
2,MX,3409425,43.3
2,MY,3409425,-80.6
2,MZ,3409425,29.1
2,GX,3409425,0.0
2,GY,3409425,-0.1
2,AX,3410094,1.0
2,AY,3410094,4.7
2,MX,3410094,44.0
2,MY,3410094,-82.2
2,GY,3410094,-0.1
2,GZ,3410094,-0.1
2,AY,3410745,4.6
2,AZ,3410745,9.4
2,MY,3410745,-82.8
2,GX,3410745,0.0
2,GY,3410745,-0.1
2,GZ,3410745,-0.1
2,AX,3411375,1.0
2,AZ,3411375,10.0
2,MX,3411375,45.6
2,MY,3411375,-82.1
2,MZ,3411375,23.2
2,GX,3411375,0.3
2,GY,3411375,-0.1
2,GZ,3411375,-0.1
2,AY,3411975,5.2
2,AZ,3411975,9.0
2,MX,3411975,45.5
2,MY,3411975,-79.7
2,GX,3411975,0.7
2,GY,3411975,-0.3
2,GZ,3411975,0.1
2,AY,3412605,5.5
2,AZ,3412605,8.6
2,MX,3412605,43.3
2,MY,3412605,-79.8
2,MZ,3412605,31.5
2,GX,3412605,0.1
2,GY,3412605,-0.0
2,GZ,3412605,-0.0
2,AX,3413205,1.2
2,AZ,3413205,8.2
2,MY,3413205,-79.7
2,MZ,3413205,30.0
2,GX,3413205,-0.3
2,GY,3413205,-0.0
2,GZ,3413205,-0.1
2,AZ,3413834,8.9
2,MY,3413834,-81.8
2,GX,3413834,0.0
2,GY,3413834,-0.1
2,AX,3414504,1.3
2,AY,3414504,4.8
2,AZ,3414504,8.9
2,MZ,3414504,21.8
2,GX,3414504,-0.2
2,GZ,3414504,-0.1
2,AY,3415125,5.8
2,MY,3415125,-82.0
2,MZ,3415125,25.5
2,GY,3415125,-0.2
2,GZ,3415125,-0.0
2,AX,3415725,1.6
2,AY,3415725,6.8
2,MX,3415725,45.5
2,MY,3415725,-77.9
2,GX,3415725,0.0
2,GY,3415725,-0.0
2,AX,3416394,1.2
2,AZ,3416394,8.2
2,MX,3416394,43.7
2,MY,3416394,-79.5
2,GX,3416394,0.2
2,GY,3416394,-0.1
2,GZ,3416394,-0.0
2,AY,3416985,5.0
2,AZ,3416985,8.4
2,MX,3416985,44.6
2,MZ,3416985,31.0
2,GZ,3416985,-0.0
2,AX,3417615,1.1
2,AZ,3417615,8.6
2,MX,3417615,44.8
2,MY,3417615,-81.5
2,GX,3417615,0.0
2,GZ,3417615,-0.1
2,AX,3418395,1.1
2,AZ,3418395,8.8
2,MY,3418395,-82.5
2,MZ,3418395,23.1
2,GY,3418395,-0.1
2,GZ,3418395,-0.1
2,AY,3419055,4.7
2,MX,3419055,46.0
2,MY,3419055,-81.3
2,GX,3419055,0.0
2,GZ,3419055,0.0
2,AY,3419685,6.1
2,MY,3419685,-77.5
2,GX,3419685,-0.4
2,GZ,3419685,0.0
2,AY,3420345,5.1
2,AZ,3420345,7.8
2,MX,3420345,42.6
2,MY,3420345,-78.7
2,MZ,3420345,33.9
2,GY,3420345,-0.0
2,AX,3420955,0.9
2,AY,3420955,5.4
2,AZ,3420955,8.6
2,MX,3420955,43.9
2,MY,3420955,-79.7
2,MZ,3420955,31.6
2,GX,3420955,0.2
2,GY,3420955,-0.1
2,GZ,3420955,-0.1
2,AX,3421544,1.2
2,AY,3421544,5.1
2,AZ,3421544,8.4
2,GX,3421544,0.1
2,GY,3421544,-0.2
2,AX,3422334,1.8
2,AZ,3422334,12.3
2,MX,3422334,41.2
2,MY,3422334,-82.1
2,MZ,3422334,21.2
2,GX,3422334,-0.0
2,GY,3422334,-0.1
2,GZ,3422334,-0.1
2,AY,3422955,3.6
2,AZ,3422955,5.5
2,MX,3422955,46.1
2,MY,3422955,-78.6
2,MZ,3422955,36.8
2,GX,3422955,0.5
2,GY,3422955,-0.1
2,GZ,3422955,0.0
2,AX,3423585,1.5
2,AY,3423585,6.1
2,MX,3423585,43.0
2,MY,3423585,-78.4
2,MZ,3423585,35.6
2,GX,3423585,-0.2
2,GY,3423585,0.0
2,GZ,3423585,0.0
2,AY,3424215,5.5
2,AZ,3424215,7.7
2,MX,3424215,42.8
2,MY,3424215,-79.3
2,MZ,3424215,33.9
2,GX,3424215,0.2
2,GY,3424215,-0.1
2,GZ,3424215,-0.1
2,AX,3424845,1.2
2,AZ,3424845,8.1
2,MY,3424845,-80.9
2,MZ,3424845,31.7
2,GX,3424845,0.1
2,GY,3424845,-0.1
2,AY,3425544,5.7
2,MY,3425544,-81.4
2,MZ,3425544,22.9
2,GZ,3425544,-0.0
2,AX,3426195,1.9
2,AY,3426195,6.0
2,MY,3426195,-80.6
2,MZ,3426195,31.8
2,GX,3426195,0.5
2,GY,3426195,-0.2
2,GZ,3426195,0.0
2,AY,3426795,5.7
2,MZ,3426795,34.4
2,GX,3426795,0.0
2,GY,3426795,-0.0
2,AX,3427434,1.3
2,AZ,3427434,7.7
2,MX,3427434,41.4
2,MY,3427434,-79.3
2,MZ,3427434,32.8
2,GX,3427434,0.1
2,GZ,3427434,-0.1
2,MX,3428055,45.0
2,MY,3428055,-80.1
2,GX,3428055,0.2
2,GY,3428055,-0.2
2,AX,3428785,1.6
2,AY,3428785,5.5
2,AZ,3428785,8.7
2,MX,3428785,42.9
2,MY,3428785,-82.3
2,MZ,3428785,24.9
2,GX,3428785,0.3
2,GY,3428785,-0.2
2,GZ,3428785,-0.1
2,AX,3429434,1.6
2,AZ,3429434,10.3
2,MX,3429434,44.9
2,MZ,3429434,24.6
2,GX,3429434,0.2
2,GY,3429434,-0.2
2,GZ,3429434,-0.0
2,AX,3430035,1.1
2,AY,3430035,4.2
2,AZ,3430035,6.9
2,MY,3430035,-78.0
2,MZ,3430035,34.8
2,GY,3430035,-0.0
2,AX,3430705,1.2
2,AY,3430705,5.2
2,MX,3430705,42.5
2,MY,3430705,-79.2
2,MZ,3430705,33.1
2,GX,3430705,-0.1
2,AX,3431284,1.0
2,AY,3431284,4.7
2,AZ,3431284,8.1
2,MX,3431284,45.8
2,MY,3431284,-79.6
2,MZ,3431284,33.6
2,GY,3431284,-0.1
2,GZ,3431284,-0.1
2,AY,3431925,5.4
2,MY,3431925,-81.4
2,MZ,3431925,26.1
2,GX,3431925,0.2
2,GY,3431925,-0.2
2,GZ,3431925,-0.1
2,AX,3432495,1.6
2,AZ,3432495,11.3
2,MY,3432495,-81.9
2,GX,3432495,-0.1
2,GY,3432495,-0.1
2,GZ,3432495,-0.0
2,AX,3433125,1.2
2,AY,3433125,3.1
2,AZ,3433125,4.3
2,MX,3433125,45.9
2,MY,3433125,-77.4
2,MZ,3433125,37.7
2,GX,3433125,0.4
2,GY,3433125,-0.1
2,GZ,3433125,0.1
2,AX,3433755,1.5
2,AY,3433755,5.5
2,AZ,3433755,8.3
2,MY,3433755,-78.8
2,GX,3433755,0.0
2,GZ,3433755,0.1
2,AX,3434385,1.5
2,AY,3434385,4.7
2,AZ,3434385,8.5
2,MX,3434385,41.8
2,MY,3434385,-80.1
2,MZ,3434385,29.6
2,AX,3435133,1.2
2,AZ,3435133,8.9
2,MX,3435133,41.1
2,MY,3435133,-81.4
2,MZ,3435133,28.8
2,GX,3435133,0.3
2,GZ,3435133,-0.1
2,AX,3435735,1.8
2,AY,3435735,6.2
2,MZ,3435735,28.8
2,GX,3435735,0.2
2,GY,3435735,-0.2
2,AX,3436434,-0.0
2,AY,3436434,-0.1
2,AZ,3436434,3.7
2,MX,3436434,38.7
2,MZ,3436434,29.8
2,GX,3436434,0.4
2,GY,3436434,-0.1
2,GZ,3436434,-0.0
2,AY,3436995,8.2
2,MX,3436995,40.3
2,MY,3436995,-71.5
2,MZ,3436995,45.9
2,GX,3436995,0.1
2,AY,3437704,7.9
2,AZ,3437704,6.0
2,MY,3437704,-72.1
2,MZ,3437704,45.2
2,GY,3437704,-0.1
2,AX,3438354,1.7
2,AY,3438354,8.0
2,MX,3438354,40.0
2,MY,3438354,-72.0
2,GX,3438354,0.1
2,GY,3438354,-0.1
2,GZ,3438354,-0.0
2,AY,3438915,8.0
2,AZ,3438915,5.9
2,MX,3438915,39.5
2,MY,3438915,-72.2
2,MZ,3438915,45.4
2,GX,3438915,0.1
2,GY,3438915,-0.1
2,GZ,3438915,-0.0
2,AX,3439544,1.8
2,AY,3439544,8.0
2,AZ,3439544,5.9
2,MX,3439544,39.5
2,MY,3439544,-71.5
2,MZ,3439544,46.5
2,GX,3439544,0.1
2,GZ,3439544,-0.0
2,AY,3440265,8.0
2,AZ,3440265,5.8
2,MX,3440265,40.3
2,MY,3440265,-71.6
2,MZ,3440265,46.1
2,GX,3440265,0.1
2,GY,3440265,-0.1
2,GZ,3440265,-0.0
Traceback (most recent call last):
  File "/opt/homebrew/Cellar/python@3.13/3.13.7/Frameworks/Python.framework/Versions/3.13/lib/python3.13/asyncio/runners.py", line 118, in run
    return self._loop.run_until_complete(task)
           ~~~~~~~~~~~~~~~~~~~~~~~~~~~~~^^^^^^
  File "/opt/homebrew/Cellar/python@3.13/3.13.7/Frameworks/Python.framework/Versions/3.13/lib/python3.13/asyncio/base_events.py", line 725, in run_until_complete
    return future.result()
           ~~~~~~~~~~~~~^^
  File "/Users/j/8803/project/tester.py", line 56, in main
    await asyncio.gather(*tasks)
  File "/Users/j/8803/project/tester.py", line 29, in connect_and_listen
    await asyncio.sleep(1)
  File "/opt/homebrew/Cellar/python@3.13/3.13.7/Frameworks/Python.framework/Versions/3.13/lib/python3.13/asyncio/tasks.py", line 718, in sleep
    return await future
           ^^^^^^^^^^^^
asyncio.exceptions.CancelledError

During handling of the above exception, another exception occurred:

Traceback (most recent call last):
  File "/Users/j/8803/project/tester.py", line 58, in <module>
    asyncio.run(main())
    ~~~~~~~~~~~^^^^^^^^
  File "/opt/homebrew/Cellar/python@3.13/3.13.7/Frameworks/Python.framework/Versions/3.13/lib/python3.13/asyncio/runners.py", line 195, in run
    return runner.run(main)
           ~~~~~~~~~~^^^^^^
  File "/opt/homebrew/Cellar/python@3.13/3.13.7/Frameworks/Python.framework/Versions/3.13/lib/python3.13/asyncio/runners.py", line 123, in run
    raise KeyboardInterrupt()
KeyboardInterrupt
