Scanning for devices...
Connecting to new device: Feather Node #02 (9C16003E-0EE5-0DB0-7940-B20EE27F10FA)
Connected to all 1 devices. Listening for data...
Connected to 9C16003E-0EE5-0DB0-7940-B20EE27F10FA
2,AX,3178964,3.1
2,AZ,3178964,-0.1
2,MX,3178964,41.0
2,MY,3178964,-47.0
2,MZ,3178964,102.7
2,GX,3178964,0.2
2,GY,3178964,-0.1
2,GZ,3178964,-0.0
2,AX,3179476,2.8
2,AZ,3179476,1.7
2,MX,3179476,40.5
2,MY,3179476,-52.4
2,GX,3179476,-0.7
2,GY,3179476,0.1
2,AX,3180056,3.0
2,AY,3180056,9.6
2,AZ,3180056,2.8
2,MX,3180056,42.8
2,MY,3180056,-57.4
2,GX,3180056,-0.1
2,GZ,3180056,-0.1
2,AX,3180647,3.7
2,AY,3180647,12.1
2,AZ,3180647,3.7
2,MX,3180647,42.7
2,MY,3180647,-59.4
2,MZ,3180647,83.3
2,GX,3180647,0.2
2,GY,3180647,-0.2
2,GZ,3180647,0.0
2,AY,3181216,8.8
2,MX,3181216,43.1
2,MY,3181216,-60.9
2,MZ,3181216,77.8
2,GX,3181216,0.1
2,GY,3181216,-0.1
2,GZ,3181216,-0.1
2,AX,3181787,2.8
2,AY,3181787,8.1
2,AZ,3181787,2.2
2,MX,3181787,42.2
2,MY,3181787,-56.8
2,GX,3181787,0.5
2,GY,3181787,-0.1
2,GZ,3181787,-0.0
2,AX,3182386,3.3
2,AY,3182386,10.0
2,MX,3182386,41.7
2,MY,3182386,-53.8
2,MZ,3182386,90.6
2,GX,3182386,1.0
2,GY,3182386,-0.3
2,GZ,3182386,-0.0
2,AX,3182987,2.8
2,AY,3182987,9.1
2,AZ,3182987,1.7
2,MX,3182987,41.3
2,MY,3182987,-54.4
2,MZ,3182987,89.5
2,GX,3182987,0.2
2,GY,3182987,-0.1
2,GZ,3182987,-0.1
2,AX,3183556,3.0
2,AY,3183556,9.9
2,AZ,3183556,2.6
2,MX,3183556,42.4
2,MY,3183556,-55.6
2,MZ,3183556,88.5
2,GX,3183556,-0.2
2,GY,3183556,-0.0
2,GZ,3183556,-0.0
2,AX,3184157,3.3
2,AY,3184157,9.4
2,AZ,3184157,3.5
2,MX,3184157,41.5
2,MY,3184157,-58.7
2,MZ,3184157,82.9
2,GX,3184157,-0.2
2,GY,3184157,-0.0
2,GZ,3184157,-0.0
2,AX,3184756,2.7
2,AY,3184756,8.5
2,AZ,3184756,2.1
2,MX,3184756,40.9
2,MY,3184756,-55.4
2,MZ,3184756,88.0
2,GX,3184756,-0.0
2,GY,3184756,0.0
2,AX,3185396,2.6
2,AY,3185396,9.7
2,AZ,3185396,2.5
2,MX,3185396,38.8
2,MY,3185396,-54.0
2,MZ,3185396,88.1
2,GX,3185396,-0.4
2,GY,3185396,0.1
2,GZ,3185396,-0.1
2,AX,3185957,2.5
2,AY,3185957,8.0
2,AZ,3185957,1.9
2,MX,3185957,39.6
2,MY,3185957,-53.7
2,MZ,3185957,89.7
2,GX,3185957,-0.0
2,GY,3185957,-0.1
2,AX,3186566,3.3
2,AY,3186566,8.9
2,AZ,3186566,3.0
2,MX,3186566,38.3
2,MY,3186566,-58.1
2,MZ,3186566,83.0
2,GX,3186566,0.2
2,GY,3186566,-0.2
2,GZ,3186566,-0.0
2,AX,3187126,3.7
2,AY,3187126,11.3
2,AZ,3187126,4.2
2,MX,3187126,41.5
2,MZ,3187126,81.2
2,GX,3187126,0.2
2,GY,3187126,-0.1
2,GZ,3187126,-0.2
2,AX,3187666,2.6
2,AY,3187666,9.5
2,AZ,3187666,3.0
2,MX,3187666,43.8
2,MY,3187666,-58.1
2,MZ,3187666,85.1
2,GX,3187666,0.2
2,GY,3187666,-0.1
2,GZ,3187666,-0.1
2,AX,3188236,2.3
2,AY,3188236,8.4
2,AZ,3188236,1.8
2,MX,3188236,41.8
2,MY,3188236,-54.5
2,MZ,3188236,89.3
2,GX,3188236,0.3
2,GY,3188236,-0.1
2,GZ,3188236,-0.1
2,AX,3188806,3.5
2,AY,3188806,9.2
2,AZ,3188806,2.4
2,MX,3188806,40.4
2,MY,3188806,-53.6
2,MZ,3188806,89.1
2,GX,3188806,-0.1
2,GY,3188806,-0.0
2,GZ,3188806,-0.0
2,AX,3189406,2.4
2,AY,3189406,9.5
2,AZ,3189406,1.7
2,MX,3189406,41.1
2,MY,3189406,-51.6
2,MZ,3189406,94.5
2,GX,3189406,-0.1
2,GY,3189406,-0.1
2,GZ,3189406,-0.0
2,AX,3190006,2.5
2,AY,3190006,8.4
2,AZ,3190006,0.8
2,MX,3190006,42.4
2,MY,3190006,-51.5
2,MZ,3190006,95.1
2,GX,3190006,-0.3
2,GY,3190006,0.1
2,GZ,3190006,-0.1
2,AX,3190636,2.7
2,AY,3190636,10.3
2,AZ,3190636,3.3
2,MX,3190636,43.0
2,MY,3190636,-56.2
2,MZ,3190636,87.5
2,GX,3190636,0.1
2,GY,3190636,-0.0
2,GZ,3190636,-0.1
2,AX,3191176,3.2
2,AY,3191176,12.1
2,AZ,3191176,2.9
2,MX,3191176,43.5
2,MY,3191176,-55.4
2,MZ,3191176,90.3
2,GX,3191176,-0.2
2,GY,3191176,-0.0
2,GZ,3191176,0.0
2,AX,3191716,2.7
2,AY,3191716,8.7
2,AZ,3191716,2.5
2,MX,3191716,41.6
2,MY,3191716,-55.6
2,MZ,3191716,87.3
2,GX,3191716,0.1
2,GY,3191716,-0.1
2,GZ,3191716,0.0
2,AX,3192316,2.8
2,AY,3192316,9.3
2,AZ,3192316,1.6
2,MX,3192316,40.1
2,MY,3192316,-52.6
2,MZ,3192316,92.1
2,GX,3192316,0.3
2,GY,3192316,-0.2
2,GZ,3192316,-0.1
2,AX,3192916,3.3
2,AY,3192916,9.1
2,AZ,3192916,2.1
2,MX,3192916,40.0
2,MY,3192916,-54.2
2,MZ,3192916,89.0
2,GX,3192916,0.1
2,GY,3192916,-0.1
2,GZ,3192916,-0.0
2,AX,3193486,2.6
2,AY,3193486,8.3
2,AZ,3193486,3.4
2,MX,3193486,39.9
2,MY,3193486,-58.7
2,MZ,3193486,80.8
2,GX,3193486,-0.1
2,GY,3193486,-0.0
2,GZ,3193486,-0.0
2,AX,3194056,3.0
2,AY,3194056,10.0
2,AZ,3194056,4.2
2,MX,3194056,42.0
2,MY,3194056,-61.1
2,MZ,3194056,77.2
2,GX,3194056,0.0
2,GY,3194056,-0.1
2,GZ,3194056,-0.1
2,AX,3194626,3.3
2,AY,3194626,8.8
2,AZ,3194626,4.1
2,MX,3194626,41.8
2,MY,3194626,-60.2
2,MZ,3194626,77.9
2,GX,3194626,-0.2
2,GY,3194626,-0.1
2,GZ,3194626,0.0
2,AX,3195226,2.4
2,AY,3195226,8.3
2,MX,3195226,42.6
2,MY,3195226,-56.2
2,MZ,3195226,83.2
2,GX,3195226,-0.0
2,GY,3195226,-0.0
2,GZ,3195226,-0.1
2,AX,3195796,2.7
2,AY,3195796,9.8
2,MX,3195796,42.9
2,MY,3195796,-54.5
2,MZ,3195796,88.7
2,GX,3195796,0.2
2,GY,3195796,-0.1
2,GZ,3195796,-0.0
2,AY,3196426,8.3
2,AZ,3196426,1.7
2,MX,3196426,41.8
2,MY,3196426,-54.9
2,MZ,3196426,88.7
2,GX,3196426,0.1
2,GY,3196426,-0.0
2,GZ,3196426,-0.0
2,AX,3197026,3.0
2,AY,3197026,9.6
2,AZ,3197026,2.9
2,MX,3197026,42.1
2,MY,3197026,-57.1
2,MZ,3197026,86.1
2,GX,3197026,-0.0
2,GY,3197026,0.0
2,GZ,3197026,-0.1
2,AX,3197626,4.1
2,AY,3197626,12.7
2,AZ,3197626,4.5
2,MX,3197626,40.4
2,MY,3197626,-59.5
2,MZ,3197626,80.4
2,GX,3197626,0.0
2,GY,3197626,-0.2
2,GZ,3197626,0.1
2,AX,3198196,2.8
2,AY,3198196,9.0
2,AZ,3198196,3.3
2,MX,3198196,41.9
2,MY,3198196,-57.5
2,GX,3198196,0.3
2,GY,3198196,-0.2
2,GZ,3198196,-0.1
2,AX,3198796,2.3
2,AY,3198796,8.6
2,AZ,3198796,1.9
2,MX,3198796,41.8
2,MY,3198796,-54.3
2,MZ,3198796,88.5
2,GX,3198796,0.1
2,GY,3198796,-0.1
2,GZ,3198796,-0.0
2,AX,3199426,3.5
2,AZ,3199426,2.7
2,MX,3199426,41.6
2,MY,3199426,-56.2
2,MZ,3199426,85.3
2,GX,3199426,-0.2
2,GY,3199426,-0.0
2,GZ,3199426,-0.0
2,AX,3200056,2.8
2,AY,3200056,8.6
2,AZ,3200056,4.1
2,MX,3200056,43.0
2,MY,3200056,-60.1
2,MZ,3200056,78.7
2,GX,3200056,0.1
2,GY,3200056,-0.1
2,GZ,3200056,-0.1
2,AX,3200626,3.9
2,AY,3200626,13.1
2,AZ,3200626,4.4
2,MX,3200626,43.6
2,MY,3200626,-60.3
2,MZ,3200626,79.5
2,GX,3200626,0.3
2,GY,3200626,-0.2
2,GZ,3200626,0.0
2,AX,3201166,3.2
2,AZ,3201166,3.8
2,MX,3201166,44.0
2,MY,3201166,-60.9
2,MZ,3201166,78.3
2,GX,3201166,0.1
2,GY,3201166,-0.1
2,GZ,3201166,-0.1
2,AX,3201736,2.1
2,AY,3201736,7.6
2,AZ,3201736,3.2
2,MX,3201736,44.7
2,MY,3201736,-59.0
2,MZ,3201736,80.6
2,GX,3201736,0.2
2,GZ,3201736,-0.1
2,AX,3202306,2.3
2,AY,3202306,8.5
2,AZ,3202306,2.1
2,MX,3202306,45.4
2,MY,3202306,-55.6
2,GX,3202306,-0.1
2,GY,3202306,-0.1
2,GZ,3202306,0.0
2,AX,3202936,2.8
2,AY,3202936,8.4
2,AZ,3202936,1.1
2,MX,3202936,45.5
2,MY,3202936,-54.3
2,MZ,3202936,91.3
2,GX,3202936,0.3
2,GY,3202936,-0.0
2,GZ,3202936,-0.1
2,AX,3203596,3.0
2,AY,3203596,10.5
2,AZ,3203596,3.2
2,MX,3203596,44.6
2,MY,3203596,-58.3
2,MZ,3203596,83.5
2,GX,3203596,-0.8
2,GY,3203596,0.2
2,GZ,3203596,0.0
2,AX,3204196,3.2
2,AY,3204196,9.1
2,AZ,3204196,4.1
2,MX,3204196,42.2
2,MY,3204196,-60.3
2,MZ,3204196,79.8
2,GX,3204196,-0.5
2,GY,3204196,0.0
2,GZ,3204196,-0.0
2,AX,3204766,2.7
2,AY,3204766,7.2
2,AZ,3204766,2.0
2,MX,3204766,41.8
2,MY,3204766,-55.4
2,MZ,3204766,87.2
2,GX,3204766,0.4
2,GY,3204766,-0.2
2,GZ,3204766,-0.1
2,AX,3205426,2.6
2,AY,3205426,9.8
2,MX,3205426,43.7
2,MY,3205426,-50.1
2,MZ,3205426,97.7
2,GX,3205426,0.4
2,GY,3205426,-0.2
2,GZ,3205426,-0.0
2,AX,3206026,2.2
2,AY,3206026,8.5
2,AZ,3206026,0.8
2,MX,3206026,42.7
2,MY,3206026,-52.3
2,MZ,3206026,94.6
2,GX,3206026,0.8
2,GY,3206026,-0.3
2,GZ,3206026,0.0
2,AX,3206686,2.9
2,AY,3206686,9.1
2,AZ,3206686,4.1
2,MX,3206686,42.9
2,MY,3206686,-59.8
2,MZ,3206686,79.8
2,GX,3206686,-0.3
2,GY,3206686,0.1
2,GZ,3206686,-0.1
2,AX,3207256,3.0
2,AY,3207256,12.1
2,AZ,3207256,4.3
2,MX,3207256,42.9
2,MY,3207256,-60.3
2,MZ,3207256,79.8
2,GY,3207256,-0.2
2,GZ,3207256,-0.0
2,AX,3207856,2.3
2,AY,3207856,9.0
2,AZ,3207856,3.1
2,MY,3207856,-58.3
2,MZ,3207856,82.2
2,GX,3207856,0.3
2,GY,3207856,-0.2
2,GZ,3207856,-0.2
2,AX,3208486,2.8
2,AY,3208486,10.0
2,AZ,3208486,1.0
2,MX,3208486,44.6
2,MY,3208486,-52.7
2,MZ,3208486,93.7
2,GX,3208486,0.1
2,GY,3208486,-0.1
2,GZ,3208486,0.1
2,AX,3209056,3.1
2,AY,3209056,9.5
2,AZ,3209056,1.3
2,MX,3209056,42.9
2,MY,3209056,-52.4
2,MZ,3209056,94.4
2,GX,3209056,0.1
2,GY,3209056,-0.1
2,GZ,3209056,-0.0
2,AX,3209626,2.2
2,AY,3209626,8.6
2,AZ,3209626,0.4
2,MX,3209626,43.2
2,MY,3209626,-51.8
2,MZ,3209626,96.4
2,GX,3209626,-0.0
2,GY,3209626,0.0
2,AX,3210206,2.4
2,AY,3210206,10.0
2,AZ,3210206,3.0
2,MX,3210206,42.3
2,MY,3210206,-57.2
2,MZ,3210206,86.6
2,GY,3210206,-0.0
2,GZ,3210206,0.1
2,AX,3210796,3.0
2,AY,3210796,9.5
2,AZ,3210796,3.6
2,MX,3210796,40.2
2,MY,3210796,-58.7
2,MZ,3210796,82.5
2,GX,3210796,0.3
2,GY,3210796,-0.1
2,GZ,3210796,0.0
2,AX,3211367,2.9
2,AY,3211367,8.1
2,AZ,3211367,2.4
2,MY,3211367,-53.9
2,MZ,3211367,89.7
2,GX,3211367,0.4
2,GY,3211367,-0.2
2,GZ,3211367,-0.1
2,AX,3211936,3.0
2,AY,3211936,9.1
2,AZ,3211936,0.9
2,MX,3211936,38.1
2,MY,3211936,-48.8
2,MZ,3211936,98.2
2,GX,3211936,-0.4
Traceback (most recent call last):
  File "/opt/homebrew/Cellar/python@3.13/3.13.7/Frameworks/Python.framework/Versions/3.13/lib/python3.13/asyncio/runners.py", line 118, in run
    return self._loop.run_until_complete(task)
           ~~~~~~~~~~~~~~~~~~~~~~~~~~~~~^^^^^^
  File "/opt/homebrew/Cellar/python@3.13/3.13.7/Frameworks/Python.framework/Versions/3.13/lib/python3.13/asyncio/base_events.py", line 725, in run_until_complete
    return future.result()
           ~~~~~~~~~~~~~^^
  File "/Users/j/8803/project/tester.py", line 56, in main
    await asyncio.gather(*tasks)
  File "/Users/j/8803/project/tester.py", line 29, in connect_and_listen
    await asyncio.sleep(1)
  File "/opt/homebrew/Cellar/python@3.13/3.13.7/Frameworks/Python.framework/Versions/3.13/lib/python3.13/asyncio/tasks.py", line 718, in sleep
    return await future
           ^^^^^^^^^^^^
asyncio.exceptions.CancelledError

During handling of the above exception, another exception occurred:

Traceback (most recent call last):
  File "/Users/j/8803/project/tester.py", line 58, in <module>
    asyncio.run(main())
    ~~~~~~~~~~~^^^^^^^^
  File "/opt/homebrew/Cellar/python@3.13/3.13.7/Frameworks/Python.framework/Versions/3.13/lib/python3.13/asyncio/runners.py", line 195, in run
    return runner.run(main)
           ~~~~~~~~~~^^^^^^
  File "/opt/homebrew/Cellar/python@3.13/3.13.7/Frameworks/Python.framework/Versions/3.13/lib/python3.13/asyncio/runners.py", line 123, in run
    raise KeyboardInterrupt()
KeyboardInterrupt
